Error: bind EADDRINUSE null:3000
    at Object._errnoException (util.js:1022:11)
    at _exceptionWithHostPort (util.js:1044:20)
    at listenOnMasterHandle (net.js:1411:16)
    at rr (internal/cluster/child.js:111:12)
    at Worker.send (internal/cluster/child.js:78:7)
    at process.onInternalMessage (internal/cluster/utils.js:42:8)
    at emitTwo (events.js:131:20)
    at process.emit (events.js:214:7)
    at emit (internal/child_process.js:772:12)
    at _combinedTickCallback (internal/process/next_tick.js:141:11)
Error: bind EADDRINUSE null:3000
    at Object._errnoException (util.js:1022:11)
    at _exceptionWithHostPort (util.js:1044:20)
    at listenOnMasterHandle (net.js:1411:16)
    at rr (internal/cluster/child.js:111:12)
    at Worker.send (internal/cluster/child.js:78:7)
    at process.onInternalMessage (internal/cluster/utils.js:42:8)
    at emitTwo (events.js:131:20)
    at process.emit (events.js:214:7)
    at emit (internal/child_process.js:772:12)
    at _combinedTickCallback (internal/process/next_tick.js:141:11)
