[2018-03-08 19:57:55] PM2 log: ===============================================================================
[2018-03-08 19:57:55] PM2 log: --- New PM2 Daemon started ----------------------------------------------------
[2018-03-08 19:57:55] PM2 log: Time                 : Thu Mar 08 2018 19:57:55 GMT+0000 (UTC)
[2018-03-08 19:57:55] PM2 log: PM2 version          : 2.10.1
[2018-03-08 19:57:55] PM2 log: Node.js version      : 8.9.4
[2018-03-08 19:57:55] PM2 log: Current arch         : x64
[2018-03-08 19:57:55] PM2 log: PM2 home             : /app/.pm2
[2018-03-08 19:57:55] PM2 log: PM2 PID file         : /app/.pm2/pm2.pid
[2018-03-08 19:57:55] PM2 log: RPC socket file      : /app/.pm2/rpc.sock
[2018-03-08 19:57:55] PM2 log: BUS socket file      : /app/.pm2/pub.sock
[2018-03-08 19:57:55] PM2 log: Application log path : /app/.pm2/logs
[2018-03-08 19:57:55] PM2 log: Process dump file    : /app/.pm2/dump.pm2
[2018-03-08 19:57:55] PM2 log: Concurrent actions   : 2
[2018-03-08 19:57:55] PM2 log: SIGTERM timeout      : 1600
[2018-03-08 19:57:55] PM2 log: ===============================================================================
[2018-03-08 19:57:55] PM2 log: Starting execution sequence in -cluster mode- for app name:bot id:0
[2018-03-08 19:57:55] PM2 log: App name:bot id:0 online
[2018-03-08 19:57:55] PM2 log: Starting execution sequence in -cluster mode- for app name:bot id:1
[2018-03-08 19:57:55] PM2 error: (node:8403) [DEP0007] DeprecationWarning: worker.suicide is deprecated. Please use worker.exitedAfterDisconnect.
[2018-03-08 19:57:56] PM2 log: App name:bot id:1 online
[2018-03-08 19:57:56] PM2 log: Starting execution sequence in -cluster mode- for app name:bot id:2
[2018-03-08 19:57:56] PM2 error: (node:8403) [DEP0007] DeprecationWarning: worker.suicide is deprecated. Please use worker.exitedAfterDisconnect.
[2018-03-08 19:57:57] PM2 log: App name:bot id:2 online
[2018-03-08 19:57:57] PM2 log: Starting execution sequence in -cluster mode- for app name:bot id:3
[2018-03-08 19:57:57] PM2 error: (node:8403) [DEP0007] DeprecationWarning: worker.suicide is deprecated. Please use worker.exitedAfterDisconnect.
[2018-03-08 19:57:58] PM2 log: App name:bot id:3 online
[2018-03-08 19:57:58] PM2 error: (node:8403) [DEP0007] DeprecationWarning: worker.suicide is deprecated. Please use worker.exitedAfterDisconnect.
[2018-03-08 19:57:58] PM2 log: App name:bot id:0 disconnected
[2018-03-08 19:57:58] PM2 log: App [bot] with id [0] and pid [8413], exited with code [0] via signal [SIGINT]
[2018-03-08 19:57:58] PM2 log: Starting execution sequence in -cluster mode- for app name:bot id:0
[2018-03-08 19:58:00] PM2 log: App name:bot id:0 online
[2018-03-08 19:58:01] PM2 log: App name:bot id:1 disconnected
[2018-03-08 19:58:01] PM2 log: App [bot] with id [1] and pid [8419], exited with code [0] via signal [SIGINT]
[2018-03-08 19:58:01] PM2 log: Starting execution sequence in -cluster mode- for app name:bot id:1
[2018-03-08 19:58:03] PM2 log: App name:bot id:1 online
[2018-03-08 19:58:05] PM2 log: App name:bot id:0 disconnected
[2018-03-08 19:58:05] PM2 log: App [bot] with id [0] and pid [8464], exited with code [0] via signal [SIGINT]
[2018-03-08 19:58:05] PM2 log: Starting execution sequence in -cluster mode- for app name:bot id:0
[2018-03-08 19:58:06] PM2 log: App name:bot id:2 disconnected
[2018-03-08 19:58:06] PM2 log: App [bot] with id [2] and pid [8431], exited with code [0] via signal [SIGINT]
[2018-03-08 19:58:06] PM2 log: Starting execution sequence in -cluster mode- for app name:bot id:2
[2018-03-08 19:58:06] PM2 log: App name:bot id:3 disconnected
[2018-03-08 19:58:07] PM2 log: App [bot] with id [3] and pid [8440], exited with code [0] via signal [SIGINT]
[2018-03-08 19:58:07] PM2 log: Starting execution sequence in -cluster mode- for app name:bot id:3
[2018-03-08 19:58:08] PM2 log: App name:bot id:0 online
[2018-03-08 19:58:09] PM2 log: App name:bot id:2 online
[2018-03-08 19:58:10] PM2 log: App name:bot id:3 online
[2018-03-08 19:58:14] PM2 log: App name:bot id:1 disconnected
[2018-03-08 19:58:14] PM2 log: App [bot] with id [1] and pid [8488], exited with code [0] via signal [SIGINT]
[2018-03-08 19:58:14] PM2 log: Starting execution sequence in -cluster mode- for app name:bot id:1
[2018-03-08 19:58:16] PM2 log: App name:bot id:0 disconnected
[2018-03-08 19:58:16] PM2 log: App [bot] with id [0] and pid [8507], exited with code [0] via signal [SIGINT]
[2018-03-08 19:58:16] PM2 log: Starting execution sequence in -cluster mode- for app name:bot id:0
[2018-03-08 19:58:18] PM2 log: App name:bot id:1 online
[2018-03-08 19:58:20] PM2 log: App name:bot id:3 disconnected
[2018-03-08 19:58:20] PM2 log: App [bot] with id [3] and pid [8535], exited with code [0] via signal [SIGINT]
[2018-03-08 19:58:20] PM2 log: Starting execution sequence in -cluster mode- for app name:bot id:3
[2018-03-08 19:58:22] PM2 log: App name:bot id:0 online
[2018-03-08 19:58:24] PM2 log: App name:bot id:3 online
[2018-03-08 19:58:31] PM2 log: App name:bot id:2 disconnected
[2018-03-08 19:58:31] PM2 log: App [bot] with id [2] and pid [8529], exited with code [0] via signal [SIGINT]
[2018-03-08 19:58:31] PM2 log: Starting execution sequence in -cluster mode- for app name:bot id:2
[2018-03-08 19:58:36] PM2 log: App name:bot id:2 online
[2018-03-08 19:58:39] PM2 log: App name:bot id:1 disconnected
[2018-03-08 19:58:39] PM2 log: App [bot] with id [1] and pid [8569], exited with code [0] via signal [SIGINT]
[2018-03-08 19:58:39] PM2 log: Starting execution sequence in -cluster mode- for app name:bot id:1
[2018-03-08 19:58:42] PM2 log: App name:bot id:0 disconnected
[2018-03-08 19:58:42] PM2 log: App [bot] with id [0] and pid [8589], exited with code [0] via signal [SIGINT]
[2018-03-08 19:58:42] PM2 log: Starting execution sequence in -cluster mode- for app name:bot id:0
[2018-03-08 19:58:45] PM2 log: App name:bot id:1 online
[2018-03-08 19:58:46] PM2 log: App name:bot id:3 disconnected
[2018-03-08 19:58:46] PM2 log: App [bot] with id [3] and pid [8607], exited with code [0] via signal [SIGINT]
[2018-03-08 19:58:47] PM2 log: Starting execution sequence in -cluster mode- for app name:bot id:3
[2018-03-08 19:58:48] PM2 log: App name:bot id:0 online
[2018-03-08 19:58:49] PM2 log: App name:bot id:3 online
